TN:
SF:C:\Users\VENKAT RAO\space_management\src\polyfills.ts
FNF:0
FNH:0
DA:58,1
LF:1
LH:1
BRF:0
BRH:0
end_of_record
TN:
SF:C:\Users\VENKAT RAO\space_management\src\app\layout\people\hybrid-settings\hybrid-settings.component.ts
FN:154,(anonymous_0)
FN:1186,(anonymous_1)
FN:1199,(anonymous_2)
FN:160,(anonymous_3)
FN:191,(anonymous_4)
FN:221,(anonymous_5)
FN:226,(anonymous_6)
FN:243,(anonymous_7)
FN:252,(anonymous_8)
FN:261,(anonymous_9)
FN:265,(anonymous_10)
FN:268,(anonymous_11)
FN:273,(anonymous_12)
FN:280,(anonymous_13)
FN:291,(anonymous_14)
FN:337,(anonymous_15)
FN:348,(anonymous_16)
FN:353,(anonymous_17)
FN:358,(anonymous_18)
FN:375,(anonymous_19)
FN:391,(anonymous_20)
FN:403,(anonymous_21)
FN:412,(anonymous_22)
FN:421,(anonymous_23)
FN:425,(anonymous_24)
FN:429,(anonymous_25)
FN:440,(anonymous_26)
FN:454,(anonymous_27)
FN:498,(anonymous_28)
FN:556,(anonymous_29)
FN:575,(anonymous_30)
FN:583,(anonymous_31)
FN:588,(anonymous_32)
FN:590,(anonymous_33)
FN:598,(anonymous_34)
FN:617,(anonymous_35)
FN:625,(anonymous_36)
FN:630,(anonymous_37)
FN:637,(anonymous_38)
FN:640,(anonymous_39)
FN:649,(anonymous_40)
FN:715,(anonymous_41)
FN:720,(anonymous_42)
FN:740,(anonymous_43)
FN:746,(anonymous_44)
FN:768,(anonymous_45)
FN:991,(anonymous_46)
FN:993,(anonymous_47)
FN:1103,(anonymous_48)
FN:1139,(anonymous_49)
FN:1143,(anonymous_50)
FN:1147,(anonymous_51)
FN:1151,(anonymous_52)
FN:1154,(anonymous_53)
FN:1173,(anonymous_54)
FN:1175,(anonymous_55)
FN:1177,(anonymous_56)
FN:1184,(anonymous_57)
FN:1207,(anonymous_58)
FN:1267,(anonymous_59)
FN:1269,(anonymous_60)
FN:1492,(anonymous_61)
FN:1495,(anonymous_62)
FN:1501,(anonymous_63)
FN:1506,(anonymous_64)
FN:1513,(anonymous_65)
FN:1515,(anonymous_66)
FN:1522,(anonymous_67)
FN:1529,(anonymous_68)
FN:1541,checkIntegerAndPercentage
FN:1542,validate
FN:1554,checkBufferPercentage
FN:1572,checkValidations
FN:1585,atLeastOneCheckboxCheckedValidator
FN:1586,validate
FN:1589,(anonymous_76)
FN:1603,(anonymous_77)
FN:1617,(anonymous_78)
FN:1646,checkPercentage
FN:1660,checkStartTimeEndTime
FNF:80
FNH:0
FNDA:0,(anonymous_0)
FNDA:0,(anonymous_1)
FNDA:0,(anonymous_2)
FNDA:0,(anonymous_3)
FNDA:0,(anonymous_4)
FNDA:0,(anonymous_5)
FNDA:0,(anonymous_6)
FNDA:0,(anonymous_7)
FNDA:0,(anonymous_8)
FNDA:0,(anonymous_9)
FNDA:0,(anonymous_10)
FNDA:0,(anonymous_11)
FNDA:0,(anonymous_12)
FNDA:0,(anonymous_13)
FNDA:0,(anonymous_14)
FNDA:0,(anonymous_15)
FNDA:0,(anonymous_16)
FNDA:0,(anonymous_17)
FNDA:0,(anonymous_18)
FNDA:0,(anonymous_19)
FNDA:0,(anonymous_20)
FNDA:0,(anonymous_21)
FNDA:0,(anonymous_22)
FNDA:0,(anonymous_23)
FNDA:0,(anonymous_24)
FNDA:0,(anonymous_25)
FNDA:0,(anonymous_26)
FNDA:0,(anonymous_27)
FNDA:0,(anonymous_28)
FNDA:0,(anonymous_29)
FNDA:0,(anonymous_30)
FNDA:0,(anonymous_31)
FNDA:0,(anonymous_32)
FNDA:0,(anonymous_33)
FNDA:0,(anonymous_34)
FNDA:0,(anonymous_35)
FNDA:0,(anonymous_36)
FNDA:0,(anonymous_37)
FNDA:0,(anonymous_38)
FNDA:0,(anonymous_39)
FNDA:0,(anonymous_40)
FNDA:0,(anonymous_41)
FNDA:0,(anonymous_42)
FNDA:0,(anonymous_43)
FNDA:0,(anonymous_44)
FNDA:0,(anonymous_45)
FNDA:0,(anonymous_46)
FNDA:0,(anonymous_47)
FNDA:0,(anonymous_48)
FNDA:0,(anonymous_49)
FNDA:0,(anonymous_50)
FNDA:0,(anonymous_51)
FNDA:0,(anonymous_52)
FNDA:0,(anonymous_53)
FNDA:0,(anonymous_54)
FNDA:0,(anonymous_55)
FNDA:0,(anonymous_56)
FNDA:0,(anonymous_57)
FNDA:0,(anonymous_58)
FNDA:0,(anonymous_59)
FNDA:0,(anonymous_60)
FNDA:0,(anonymous_61)
FNDA:0,(anonymous_62)
FNDA:0,(anonymous_63)
FNDA:0,(anonymous_64)
FNDA:0,(anonymous_65)
FNDA:0,(anonymous_66)
FNDA:0,(anonymous_67)
FNDA:0,(anonymous_68)
FNDA:0,checkIntegerAndPercentage
FNDA:0,validate
FNDA:0,checkBufferPercentage
FNDA:0,checkValidations
FNDA:0,atLeastOneCheckboxCheckedValidator
FNDA:0,validate
FNDA:0,(anonymous_76)
FNDA:0,(anonymous_77)
FNDA:0,(anonymous_78)
FNDA:0,checkPercentage
FNDA:0,checkStartTimeEndTime
DA:16,1
DA:18,1
DA:28,1
DA:51,1
DA:53,0
DA:54,0
DA:55,0
DA:56,0
DA:106,0
DA:107,0
DA:108,0
DA:109,0
DA:110,0
DA:112,0
DA:113,0
DA:117,0
DA:121,0
DA:123,0
DA:128,0
DA:132,0
DA:137,0
DA:138,0
DA:139,0
DA:140,0
DA:149,0
DA:150,0
DA:152,0
DA:154,0
DA:155,0
DA:156,0
DA:157,0
DA:158,0
DA:159,0
DA:160,0
DA:161,0
DA:162,0
DA:165,0
DA:166,0
DA:168,0
DA:180,0
DA:189,0
DA:195,0
DA:223,0
DA:228,0
DA:243,0
DA:244,0
DA:245,0
DA:247,0
DA:249,0
DA:252,0
DA:253,0
DA:254,0
DA:256,0
DA:258,0
DA:261,0
DA:262,0
DA:265,0
DA:266,0
DA:267,0
DA:268,0
DA:269,0
DA:270,0
DA:273,0
DA:274,0
DA:275,0
DA:280,0
DA:281,0
DA:282,0
DA:283,0
DA:284,0
DA:286,0
DA:288,0
DA:291,0
DA:292,0
DA:293,0
DA:295,0
DA:296,0
DA:297,0
DA:298,0
DA:299,0
DA:300,0
DA:301,0
DA:302,0
DA:303,0
DA:304,0
DA:305,0
DA:306,0
DA:307,0
DA:308,0
DA:309,0
DA:310,0
DA:311,0
DA:312,0
DA:314,0
DA:317,0
DA:318,0
DA:321,0
DA:322,0
DA:323,0
DA:325,0
DA:328,0
DA:329,0
DA:330,0
DA:332,0
DA:333,0
DA:337,0
DA:338,0
DA:339,0
DA:340,0
DA:341,0
DA:343,0
DA:344,0
DA:348,0
DA:349,0
DA:350,0
DA:353,0
DA:354,0
DA:355,0
DA:358,0
DA:360,0
DA:361,0
DA:362,0
DA:363,0
DA:364,0
DA:365,0
DA:366,0
DA:369,0
DA:372,0
DA:375,0
DA:376,0
DA:377,0
DA:378,0
DA:379,0
DA:380,0
DA:381,0
DA:382,0
DA:385,0
DA:388,0
DA:391,0
DA:392,0
DA:393,0
DA:394,0
DA:396,0
DA:397,0
DA:399,0
DA:400,0
DA:403,0
DA:404,0
DA:405,0
DA:407,0
DA:409,0
DA:412,0
DA:413,0
DA:414,0
DA:416,0
DA:418,0
DA:421,0
DA:422,0
DA:425,0
DA:426,0
DA:429,0
DA:430,0
DA:431,0
DA:432,0
DA:433,0
DA:434,0
DA:436,0
DA:440,0
DA:441,0
DA:442,0
DA:443,0
DA:444,0
DA:445,0
DA:447,0
DA:451,0
DA:455,0
DA:456,0
DA:457,0
DA:458,0
DA:459,0
DA:460,0
DA:461,0
DA:463,0
DA:464,0
DA:465,0
DA:466,0
DA:467,0
DA:468,0
DA:469,0
DA:470,0
DA:471,0
DA:473,0
DA:475,0
DA:476,0
DA:477,0
DA:478,0
DA:479,0
DA:480,0
DA:481,0
DA:483,0
DA:486,0
DA:487,0
DA:488,0
DA:489,0
DA:490,0
DA:491,0
DA:492,0
DA:493,0
DA:495,0
DA:499,0
DA:500,0
DA:501,0
DA:502,0
DA:503,0
DA:504,0
DA:505,0
DA:506,0
DA:509,0
DA:510,0
DA:511,0
DA:512,0
DA:513,0
DA:515,0
DA:516,0
DA:518,0
DA:519,0
DA:520,0
DA:521,0
DA:523,0
DA:524,0
DA:527,0
DA:528,0
DA:529,0
DA:530,0
DA:531,0
DA:532,0
DA:535,0
DA:536,0
DA:537,0
DA:538,0
DA:540,0
DA:543,0
DA:546,0
DA:547,0
DA:548,0
DA:549,0
DA:551,0
DA:552,0
DA:557,0
DA:558,0
DA:559,0
DA:560,0
DA:561,0
DA:562,0
DA:563,0
DA:564,0
DA:565,0
DA:566,0
DA:567,0
DA:568,0
DA:569,0
DA:570,0
DA:571,0
DA:576,0
DA:577,0
DA:584,0
DA:585,0
DA:589,0
DA:590,0
DA:591,0
DA:595,0
DA:599,0
DA:600,0
DA:601,0
DA:602,0
DA:603,0
DA:604,0
DA:605,0
DA:607,0
DA:608,0
DA:611,0
DA:618,0
DA:626,0
DA:627,0
DA:628,0
DA:630,0
DA:631,0
DA:637,0
DA:639,0
DA:641,0
DA:650,0
DA:651,0
DA:655,0
DA:697,0
DA:698,0
DA:699,0
DA:700,0
DA:701,0
DA:702,0
DA:703,0
DA:704,0
DA:705,0
DA:706,0
DA:707,0
DA:708,0
DA:709,0
DA:710,0
DA:716,0
DA:717,0
DA:721,0
DA:722,0
DA:723,0
DA:724,0
DA:728,0
DA:729,0
DA:730,0
DA:731,0
DA:732,0
DA:733,0
DA:734,0
DA:735,0
DA:736,0
DA:738,0
DA:741,0
DA:747,0
DA:748,0
DA:749,0
DA:750,0
DA:753,0
DA:754,0
DA:757,0
DA:758,0
DA:760,0
DA:761,0
DA:762,0
DA:765,0
DA:766,0
DA:767,0
DA:768,0
DA:769,0
DA:770,0
DA:775,0
DA:776,0
DA:781,0
DA:782,0
DA:787,0
DA:788,0
DA:794,0
DA:795,0
DA:796,0
DA:799,0
DA:800,0
DA:803,0
DA:804,0
DA:807,0
DA:811,0
DA:812,0
DA:813,0
DA:817,0
DA:818,0
DA:819,0
DA:821,0
DA:822,0
DA:825,0
DA:826,0
DA:828,0
DA:832,0
DA:833,0
DA:834,0
DA:835,0
DA:836,0
DA:837,0
DA:838,0
DA:839,0
DA:840,0
DA:842,0
DA:843,0
DA:844,0
DA:848,0
DA:849,0
DA:850,0
DA:851,0
DA:852,0
DA:854,0
DA:855,0
DA:856,0
DA:857,0
DA:859,0
DA:860,0
DA:861,0
DA:864,0
DA:865,0
DA:867,0
DA:870,0
DA:871,0
DA:873,0
DA:876,0
DA:878,0
DA:879,0
DA:880,0
DA:881,0
DA:883,0
DA:884,0
DA:886,0
DA:890,0
DA:891,0
DA:893,0
DA:896,0
DA:897,0
DA:899,0
DA:902,0
DA:903,0
DA:905,0
DA:908,0
DA:912,0
DA:914,0
DA:917,0
DA:918,0
DA:919,0
DA:920,0
DA:921,0
DA:923,0
DA:925,0
DA:926,0
DA:928,0
DA:930,0
DA:931,0
DA:933,0
DA:935,0
DA:936,0
DA:938,0
DA:940,0
DA:943,0
DA:944,0
DA:945,0
DA:946,0
DA:947,0
DA:949,0
DA:951,0
DA:952,0
DA:954,0
DA:956,0
DA:957,0
DA:959,0
DA:961,0
DA:962,0
DA:964,0
DA:966,0
DA:970,0
DA:971,0
DA:973,0
DA:974,0
DA:976,0
DA:979,0
DA:980,0
DA:981,0
DA:983,0
DA:986,0
DA:987,0
DA:990,0
DA:991,0
DA:992,0
DA:993,0
DA:994,0
DA:995,0
DA:1000,0
DA:1001,0
DA:1003,0
DA:1004,0
DA:1007,0
DA:1008,0
DA:1009,0
DA:1010,0
DA:1011,0
DA:1013,0
DA:1017,0
DA:1019,0
DA:1020,0
DA:1021,0
DA:1022,0
DA:1023,0
DA:1024,0
DA:1025,0
DA:1026,0
DA:1028,0
DA:1031,0
DA:1033,0
DA:1034,0
DA:1035,0
DA:1036,0
DA:1037,0
DA:1038,0
DA:1039,0
DA:1040,0
DA:1042,0
DA:1047,0
DA:1048,0
DA:1049,0
DA:1050,0
DA:1051,0
DA:1053,0
DA:1055,0
DA:1056,0
DA:1058,0
DA:1060,0
DA:1061,0
DA:1063,0
DA:1065,0
DA:1066,0
DA:1068,0
DA:1070,0
DA:1073,0
DA:1074,0
DA:1075,0
DA:1076,0
DA:1077,0
DA:1079,0
DA:1081,0
DA:1082,0
DA:1084,0
DA:1086,0
DA:1087,0
DA:1089,0
DA:1091,0
DA:1092,0
DA:1094,0
DA:1096,0
DA:1099,0
DA:1104,0
DA:1105,0
DA:1106,0
DA:1107,0
DA:1108,0
DA:1110,0
DA:1113,0
DA:1114,0
DA:1117,0
DA:1118,0
DA:1119,0
DA:1120,0
DA:1121,0
DA:1123,0
DA:1126,0
DA:1129,0
DA:1134,0
DA:1135,0
DA:1149,0
DA:1151,0
DA:1152,0
DA:1153,0
DA:1154,0
DA:1155,0
DA:1156,0
DA:1158,0
DA:1159,0
DA:1163,0
DA:1164,0
DA:1178,0
DA:1179,0
DA:1181,0
DA:1186,0
DA:1187,0
DA:1188,0
DA:1189,0
DA:1191,0
DA:1200,0
DA:1201,0
DA:1209,0
DA:1217,0
DA:1218,0
DA:1219,0
DA:1220,0
DA:1223,0
DA:1224,0
DA:1225,0
DA:1226,0
DA:1227,0
DA:1228,0
DA:1231,0
DA:1232,0
DA:1233,0
DA:1234,0
DA:1242,0
DA:1245,0
DA:1246,0
DA:1247,0
DA:1248,0
DA:1256,0
DA:1260,0
DA:1261,0
DA:1262,0
DA:1263,0
DA:1264,0
DA:1265,0
DA:1266,0
DA:1267,0
DA:1268,0
DA:1269,0
DA:1270,0
DA:1271,0
DA:1274,0
DA:1275,0
DA:1278,0
DA:1279,0
DA:1282,0
DA:1283,0
DA:1287,0
DA:1288,0
DA:1289,0
DA:1290,0
DA:1291,0
DA:1292,0
DA:1294,0
DA:1300,0
DA:1304,0
DA:1305,0
DA:1306,0
DA:1307,0
DA:1309,0
DA:1310,0
DA:1311,0
DA:1315,0
DA:1316,0
DA:1317,0
DA:1318,0
DA:1319,0
DA:1321,0
DA:1322,0
DA:1323,0
DA:1324,0
DA:1326,0
DA:1327,0
DA:1328,0
DA:1329,0
DA:1332,0
DA:1333,0
DA:1335,0
DA:1336,0
DA:1337,0
DA:1339,0
DA:1340,0
DA:1341,0
DA:1344,0
DA:1345,0
DA:1347,0
DA:1349,0
DA:1350,0
DA:1351,0
DA:1352,0
DA:1360,0
DA:1361,0
DA:1362,0
DA:1373,0
DA:1374,0
DA:1376,0
DA:1377,0
DA:1378,0
DA:1380,0
DA:1381,0
DA:1383,0
DA:1386,0
DA:1387,0
DA:1389,0
DA:1393,0
DA:1394,0
DA:1395,0
DA:1396,0
DA:1397,0
DA:1398,0
DA:1401,0
DA:1402,0
DA:1403,0
DA:1404,0
DA:1405,0
DA:1406,0
DA:1410,0
DA:1411,0
DA:1413,0
DA:1414,0
DA:1416,0
DA:1417,0
DA:1420,0
DA:1446,0
DA:1486,0
DA:1487,0
DA:1488,0
DA:1489,0
DA:1493,0
DA:1494,0
DA:1502,0
DA:1503,0
DA:1507,0
DA:1508,0
DA:1514,0
DA:1515,0
DA:1516,0
DA:1517,0
DA:1524,0
DA:1525,0
DA:1526,0
DA:1530,0
DA:1542,0
DA:1543,0
DA:1544,0
DA:1546,0
DA:1555,0
DA:1556,0
DA:1557,0
DA:1559,0
DA:1560,0
DA:1561,0
DA:1562,0
DA:1564,0
DA:1565,0
DA:1567,0
DA:1569,0
DA:1573,0
DA:1574,0
DA:1575,0
DA:1576,0
DA:1578,0
DA:1586,0
DA:1587,0
DA:1588,0
DA:1589,0
DA:1590,0
DA:1592,0
DA:1593,0
DA:1597,0
DA:1598,0
DA:1602,0
DA:1603,0
DA:1604,0
DA:1606,0
DA:1607,0
DA:1611,0
DA:1612,0
DA:1616,0
DA:1617,0
DA:1619,0
DA:1620,0
DA:1621,0
DA:1625,0
DA:1626,0
DA:1630,0
DA:1631,0
DA:1632,0
DA:1636,0
DA:1639,0
DA:1642,0
DA:1647,0
DA:1649,0
DA:1650,0
DA:1653,0
DA:1654,0
DA:1657,0
DA:1662,0
DA:1663,0
DA:1664,0
DA:1665,0
DA:1666,0
DA:1667,0
DA:1668,0
DA:1669,0
DA:1670,0
DA:1673,0
DA:1675,0
LF:767
LH:4
BRDA:16,0,0,1
BRDA:16,0,1,0
BRDA:1188,1,0,0
BRDA:1188,1,1,0
BRDA:1200,2,0,0
BRDA:1200,2,1,0
BRDA:244,3,0,0
BRDA:244,3,1,0
BRDA:253,4,0,0
BRDA:253,4,1,0
BRDA:267,5,0,0
BRDA:267,5,1,0
BRDA:283,6,0,0
BRDA:283,6,1,0
BRDA:283,7,0,0
BRDA:283,7,1,0
BRDA:283,7,2,0
BRDA:283,7,3,0
BRDA:295,8,0,0
BRDA:295,8,1,0
BRDA:309,9,0,0
BRDA:309,9,1,0
BRDA:317,10,0,0
BRDA:317,10,1,0
BRDA:317,11,0,0
BRDA:317,11,1,0
BRDA:321,12,0,0
BRDA:321,12,1,0
BRDA:321,13,0,0
BRDA:321,13,1,0
BRDA:321,13,2,0
BRDA:321,13,3,0
BRDA:321,13,4,0
BRDA:328,14,0,0
BRDA:328,14,1,0
BRDA:328,15,0,0
BRDA:328,15,1,0
BRDA:339,16,0,0
BRDA:339,16,1,0
BRDA:339,17,0,0
BRDA:339,17,1,0
BRDA:361,18,0,0
BRDA:361,18,1,0
BRDA:361,19,0,0
BRDA:361,19,1,0
BRDA:363,20,0,0
BRDA:363,20,1,0
BRDA:364,21,0,0
BRDA:364,21,1,0
BRDA:365,22,0,0
BRDA:365,22,1,0
BRDA:377,23,0,0
BRDA:377,23,1,0
BRDA:377,24,0,0
BRDA:377,24,1,0
BRDA:379,25,0,0
BRDA:379,25,1,0
BRDA:380,26,0,0
BRDA:380,26,1,0
BRDA:381,27,0,0
BRDA:381,27,1,0
BRDA:392,28,0,0
BRDA:392,28,1,0
BRDA:404,29,0,0
BRDA:404,29,1,0
BRDA:413,30,0,0
BRDA:413,30,1,0
BRDA:433,31,0,0
BRDA:433,31,1,0
BRDA:444,32,0,0
BRDA:444,32,1,0
BRDA:464,33,0,0
BRDA:464,33,1,0
BRDA:509,34,0,0
BRDA:509,34,1,0
BRDA:509,35,0,0
BRDA:509,35,1,0
BRDA:527,36,0,0
BRDA:527,36,1,0
BRDA:527,37,0,0
BRDA:527,37,1,0
BRDA:530,38,0,0
BRDA:530,38,1,0
BRDA:530,39,0,0
BRDA:530,39,1,0
BRDA:535,40,0,0
BRDA:535,40,1,0
BRDA:536,41,0,0
BRDA:536,41,1,0
BRDA:536,42,0,0
BRDA:536,42,1,0
BRDA:557,43,0,0
BRDA:557,43,1,0
BRDA:562,44,0,0
BRDA:562,44,1,0
BRDA:567,45,0,0
BRDA:567,45,1,0
BRDA:577,46,0,0
BRDA:577,46,1,0
BRDA:578,47,0,0
BRDA:578,47,1,0
BRDA:579,48,0,0
BRDA:579,48,1,0
BRDA:601,49,0,0
BRDA:601,49,1,0
BRDA:601,50,0,0
BRDA:601,50,1,0
BRDA:603,51,0,0
BRDA:603,51,1,0
BRDA:603,52,0,0
BRDA:603,52,1,0
BRDA:627,53,0,0
BRDA:627,53,1,0
BRDA:650,54,0,0
BRDA:650,54,1,0
BRDA:721,55,0,0
BRDA:721,55,1,0
BRDA:721,56,0,0
BRDA:721,56,1,0
BRDA:735,57,0,0
BRDA:735,57,1,0
BRDA:735,58,0,0
BRDA:735,58,1,0
BRDA:749,59,0,0
BRDA:749,59,1,0
BRDA:753,60,0,0
BRDA:753,60,1,0
BRDA:757,61,0,0
BRDA:757,61,1,0
BRDA:760,62,0,0
BRDA:760,62,1,0
BRDA:765,63,0,0
BRDA:765,63,1,0
BRDA:765,64,0,0
BRDA:765,64,1,0
BRDA:769,65,0,0
BRDA:769,65,1,0
BRDA:775,66,0,0
BRDA:775,66,1,0
BRDA:781,67,0,0
BRDA:781,67,1,0
BRDA:787,68,0,0
BRDA:787,68,1,0
BRDA:795,69,0,0
BRDA:795,69,1,0
BRDA:799,70,0,0
BRDA:799,70,1,0
BRDA:803,71,0,0
BRDA:803,71,1,0
BRDA:817,72,0,0
BRDA:817,72,1,0
BRDA:825,73,0,0
BRDA:825,73,1,0
BRDA:832,74,0,0
BRDA:832,74,1,0
BRDA:835,75,0,0
BRDA:835,75,1,0
BRDA:836,76,0,0
BRDA:836,76,1,0
BRDA:848,77,0,0
BRDA:848,77,1,0
BRDA:851,78,0,0
BRDA:851,78,1,0
BRDA:852,79,0,0
BRDA:852,79,1,0
BRDA:864,80,0,0
BRDA:864,80,1,0
BRDA:870,81,0,0
BRDA:870,81,1,0
BRDA:876,82,0,0
BRDA:876,82,1,0
BRDA:876,83,0,0
BRDA:876,83,1,0
BRDA:880,84,0,0
BRDA:880,84,1,0
BRDA:881,85,0,0
BRDA:881,85,1,0
BRDA:890,86,0,0
BRDA:890,86,1,0
BRDA:896,87,0,0
BRDA:896,87,1,0
BRDA:902,88,0,0
BRDA:902,88,1,0
BRDA:908,89,0,0
BRDA:908,89,1,0
BRDA:908,90,0,0
BRDA:908,90,1,0
BRDA:908,90,2,0
BRDA:908,90,3,0
BRDA:908,90,4,0
BRDA:917,91,0,0
BRDA:917,91,1,0
BRDA:920,92,0,0
BRDA:920,92,1,0
BRDA:925,93,0,0
BRDA:925,93,1,0
BRDA:930,94,0,0
BRDA:930,94,1,0
BRDA:935,95,0,0
BRDA:935,95,1,0
BRDA:943,96,0,0
BRDA:943,96,1,0
BRDA:946,97,0,0
BRDA:946,97,1,0
BRDA:951,98,0,0
BRDA:951,98,1,0
BRDA:956,99,0,0
BRDA:956,99,1,0
BRDA:961,100,0,0
BRDA:961,100,1,0
BRDA:970,101,0,0
BRDA:970,101,1,0
BRDA:973,102,0,0
BRDA:973,102,1,0
BRDA:973,103,0,0
BRDA:973,103,1,0
BRDA:973,103,2,0
BRDA:980,104,0,0
BRDA:980,104,1,0
BRDA:994,105,0,0
BRDA:994,105,1,0
BRDA:1008,106,0,0
BRDA:1008,106,1,0
BRDA:1010,107,0,0
BRDA:1010,107,1,0
BRDA:1017,108,0,0
BRDA:1017,108,1,0
BRDA:1022,109,0,0
BRDA:1022,109,1,0
BRDA:1023,110,0,0
BRDA:1023,110,1,0
BRDA:1031,111,0,0
BRDA:1031,111,1,0
BRDA:1036,112,0,0
BRDA:1036,112,1,0
BRDA:1037,113,0,0
BRDA:1037,113,1,0
BRDA:1047,114,0,0
BRDA:1047,114,1,0
BRDA:1050,115,0,0
BRDA:1050,115,1,0
BRDA:1055,116,0,0
BRDA:1055,116,1,0
BRDA:1060,117,0,0
BRDA:1060,117,1,0
BRDA:1065,118,0,0
BRDA:1065,118,1,0
BRDA:1073,119,0,0
BRDA:1073,119,1,0
BRDA:1076,120,0,0
BRDA:1076,120,1,0
BRDA:1081,121,0,0
BRDA:1081,121,1,0
BRDA:1086,122,0,0
BRDA:1086,122,1,0
BRDA:1091,123,0,0
BRDA:1091,123,1,0
BRDA:1104,124,0,0
BRDA:1104,124,1,0
BRDA:1104,125,0,0
BRDA:1104,125,1,0
BRDA:1104,125,2,0
BRDA:1105,126,0,0
BRDA:1105,126,1,0
BRDA:1107,127,0,0
BRDA:1107,127,1,0
BRDA:1113,128,0,0
BRDA:1113,128,1,0
BRDA:1117,129,0,0
BRDA:1117,129,1,0
BRDA:1117,130,0,0
BRDA:1117,130,1,0
BRDA:1118,131,0,0
BRDA:1118,131,1,0
BRDA:1120,132,0,0
BRDA:1120,132,1,0
BRDA:1134,133,0,0
BRDA:1134,133,1,0
BRDA:1152,134,0,0
BRDA:1152,134,1,0
BRDA:1155,135,0,0
BRDA:1155,135,1,0
BRDA:1163,136,0,0
BRDA:1163,136,1,0
BRDA:1178,137,0,0
BRDA:1178,137,1,0
BRDA:1231,138,0,0
BRDA:1231,138,1,0
BRDA:1232,139,0,0
BRDA:1232,139,1,0
BRDA:1245,140,0,0
BRDA:1245,140,1,0
BRDA:1246,141,0,0
BRDA:1246,141,1,0
BRDA:1264,142,0,0
BRDA:1264,142,1,0
BRDA:1270,143,0,0
BRDA:1270,143,1,0
BRDA:1274,144,0,0
BRDA:1274,144,1,0
BRDA:1278,145,0,0
BRDA:1278,145,1,0
BRDA:1282,146,0,0
BRDA:1282,146,1,0
BRDA:1287,147,0,0
BRDA:1287,147,1,0
BRDA:1289,148,0,0
BRDA:1289,148,1,0
BRDA:1291,149,0,0
BRDA:1291,149,1,0
BRDA:1304,150,0,0
BRDA:1304,150,1,0
BRDA:1347,151,0,0
BRDA:1347,151,1,0
BRDA:1350,152,0,0
BRDA:1350,152,1,0
BRDA:1360,153,0,0
BRDA:1360,153,1,0
BRDA:1380,154,0,0
BRDA:1380,154,1,0
BRDA:1386,155,0,0
BRDA:1386,155,1,0
BRDA:1394,156,0,0
BRDA:1394,156,1,0
BRDA:1402,157,0,0
BRDA:1402,157,1,0
BRDA:1411,158,0,0
BRDA:1411,158,1,0
BRDA:1543,159,0,0
BRDA:1543,159,1,0
BRDA:1543,160,0,0
BRDA:1543,160,1,0
BRDA:1555,161,0,0
BRDA:1555,161,1,0
BRDA:1559,162,0,0
BRDA:1559,162,1,0
BRDA:1561,163,0,0
BRDA:1561,163,1,0
BRDA:1561,164,0,0
BRDA:1561,164,1,0
BRDA:1564,165,0,0
BRDA:1564,165,1,0
BRDA:1573,166,0,0
BRDA:1573,166,1,0
BRDA:1575,167,0,0
BRDA:1575,167,1,0
BRDA:1575,168,0,0
BRDA:1575,168,1,0
BRDA:1575,168,2,0
BRDA:1585,169,0,0
BRDA:1588,170,0,0
BRDA:1588,170,1,0
BRDA:1592,171,0,0
BRDA:1592,171,1,0
BRDA:1597,172,0,0
BRDA:1597,172,1,0
BRDA:1602,173,0,0
BRDA:1602,173,1,0
BRDA:1606,174,0,0
BRDA:1606,174,1,0
BRDA:1611,175,0,0
BRDA:1611,175,1,0
BRDA:1616,176,0,0
BRDA:1616,176,1,0
BRDA:1620,177,0,0
BRDA:1620,177,1,0
BRDA:1625,178,0,0
BRDA:1625,178,1,0
BRDA:1630,179,0,0
BRDA:1630,179,1,0
BRDA:1631,180,0,0
BRDA:1631,180,1,0
BRDA:1649,181,0,0
BRDA:1649,181,1,0
BRDA:1653,182,0,0
BRDA:1653,182,1,0
BRDA:1653,183,0,0
BRDA:1653,183,1,0
BRDA:1662,184,0,0
BRDA:1662,184,1,0
BRDA:1662,185,0,0
BRDA:1662,185,1,0
BRDA:1666,186,0,0
BRDA:1666,186,1,0
BRDA:1667,187,0,0
BRDA:1667,187,1,0
BRDA:1667,188,0,0
BRDA:1667,188,1,0
BRDA:1669,189,0,0
BRDA:1669,189,1,0
BRF:390
BRH:1
end_of_record
TN:
SF:C:\Users\VENKAT RAO\space_management\src\app\layout\people\service\people.service.ts
FN:30,(anonymous_0)
FN:46,(anonymous_1)
FN:50,(anonymous_2)
FN:54,(anonymous_3)
FN:66,(anonymous_4)
FN:76,(anonymous_5)
FN:89,(anonymous_6)
FN:100,(anonymous_7)
FN:116,(anonymous_8)
FN:134,(anonymous_9)
FN:156,(anonymous_10)
FN:171,(anonymous_11)
FN:184,(anonymous_12)
FN:195,(anonymous_13)
FN:210,(anonymous_14)
FN:228,(anonymous_15)
FN:239,(anonymous_16)
FN:254,(anonymous_17)
FN:284,(anonymous_18)
FN:295,(anonymous_19)
FN:306,(anonymous_20)
FN:321,(anonymous_21)
FN:332,(anonymous_22)
FN:347,(anonymous_23)
FN:359,(anonymous_24)
FN:371,(anonymous_25)
FN:389,(anonymous_26)
FN:400,(anonymous_27)
FN:415,(anonymous_28)
FN:426,(anonymous_29)
FN:444,(anonymous_30)
FN:467,(anonymous_31)
FN:491,(anonymous_32)
FN:505,(anonymous_33)
FN:520,(anonymous_34)
FN:532,(anonymous_35)
FN:541,(anonymous_36)
FN:548,(anonymous_37)
FN:563,(anonymous_38)
FN:575,(anonymous_39)
FN:593,(anonymous_40)
FN:607,(anonymous_41)
FN:621,(anonymous_42)
FN:632,(anonymous_43)
FN:647,(anonymous_44)
FN:665,(anonymous_45)
FN:683,(anonymous_46)
FN:697,(anonymous_47)
FN:704,(anonymous_48)
FN:711,(anonymous_49)
FN:725,(anonymous_50)
FN:736,(anonymous_51)
FN:744,(anonymous_52)
FN:756,(anonymous_53)
FN:768,(anonymous_54)
FN:777,(anonymous_55)
FN:784,(anonymous_56)
FN:791,(anonymous_57)
FN:798,(anonymous_58)
FN:805,(anonymous_59)
FN:816,(anonymous_60)
FN:825,(anonymous_61)
FN:826,(anonymous_62)
FN:830,(anonymous_63)
FN:840,(anonymous_64)
FN:849,(anonymous_65)
FN:860,(anonymous_66)
FN:861,(anonymous_67)
FN:865,(anonymous_68)
FN:881,(anonymous_69)
FN:906,(anonymous_70)
FN:916,(anonymous_71)
FN:929,(anonymous_72)
FN:947,(anonymous_73)
FN:959,(anonymous_74)
FN:976,(anonymous_75)
FN:987,(anonymous_76)
FN:996,(anonymous_77)
FN:1013,(anonymous_78)
FN:1022,(anonymous_79)
FN:1034,(anonymous_80)
FN:1046,(anonymous_81)
FN:1069,(anonymous_82)
FN:1081,(anonymous_83)
FN:1114,(anonymous_84)
FN:1129,(anonymous_85)
FN:1142,(anonymous_86)
FN:1150,(anonymous_87)
FN:1151,(anonymous_88)
FN:1163,(anonymous_89)
FN:1179,(anonymous_90)
FN:1180,(anonymous_91)
FN:1185,(anonymous_92)
FN:1191,(anonymous_93)
FN:1194,(anonymous_94)
FN:1201,(anonymous_95)
FN:1210,(anonymous_96)
FN:1222,(anonymous_97)
FN:1231,(anonymous_98)
FN:1240,(anonymous_99)
FN:1249,(anonymous_100)
FN:1548,(anonymous_101)
FN:1557,(anonymous_102)
FN:1563,(anonymous_103)
FN:1572,(anonymous_104)
FN:1583,(anonymous_105)
FN:1593,(anonymous_106)
FN:1600,(anonymous_107)
FN:1607,(anonymous_108)
FN:1617,(anonymous_109)
FN:1624,(anonymous_110)
FN:1633,(anonymous_111)
FN:1649,(anonymous_112)
FN:1658,(anonymous_113)
FN:1666,(anonymous_114)
FN:1667,(anonymous_115)
FN:1671,(anonymous_116)
FNF:117
FNH:0
FNDA:0,(anonymous_0)
FNDA:0,(anonymous_1)
FNDA:0,(anonymous_2)
FNDA:0,(anonymous_3)
FNDA:0,(anonymous_4)
FNDA:0,(anonymous_5)
FNDA:0,(anonymous_6)
FNDA:0,(anonymous_7)
FNDA:0,(anonymous_8)
FNDA:0,(anonymous_9)
FNDA:0,(anonymous_10)
FNDA:0,(anonymous_11)
FNDA:0,(anonymous_12)
FNDA:0,(anonymous_13)
FNDA:0,(anonymous_14)
FNDA:0,(anonymous_15)
FNDA:0,(anonymous_16)
FNDA:0,(anonymous_17)
FNDA:0,(anonymous_18)
FNDA:0,(anonymous_19)
FNDA:0,(anonymous_20)
FNDA:0,(anonymous_21)
FNDA:0,(anonymous_22)
FNDA:0,(anonymous_23)
FNDA:0,(anonymous_24)
FNDA:0,(anonymous_25)
FNDA:0,(anonymous_26)
FNDA:0,(anonymous_27)
FNDA:0,(anonymous_28)
FNDA:0,(anonymous_29)
FNDA:0,(anonymous_30)
FNDA:0,(anonymous_31)
FNDA:0,(anonymous_32)
FNDA:0,(anonymous_33)
FNDA:0,(anonymous_34)
FNDA:0,(anonymous_35)
FNDA:0,(anonymous_36)
FNDA:0,(anonymous_37)
FNDA:0,(anonymous_38)
FNDA:0,(anonymous_39)
FNDA:0,(anonymous_40)
FNDA:0,(anonymous_41)
FNDA:0,(anonymous_42)
FNDA:0,(anonymous_43)
FNDA:0,(anonymous_44)
FNDA:0,(anonymous_45)
FNDA:0,(anonymous_46)
FNDA:0,(anonymous_47)
FNDA:0,(anonymous_48)
FNDA:0,(anonymous_49)
FNDA:0,(anonymous_50)
FNDA:0,(anonymous_51)
FNDA:0,(anonymous_52)
FNDA:0,(anonymous_53)
FNDA:0,(anonymous_54)
FNDA:0,(anonymous_55)
FNDA:0,(anonymous_56)
FNDA:0,(anonymous_57)
FNDA:0,(anonymous_58)
FNDA:0,(anonymous_59)
FNDA:0,(anonymous_60)
FNDA:0,(anonymous_61)
FNDA:0,(anonymous_62)
FNDA:0,(anonymous_63)
FNDA:0,(anonymous_64)
FNDA:0,(anonymous_65)
FNDA:0,(anonymous_66)
FNDA:0,(anonymous_67)
FNDA:0,(anonymous_68)
FNDA:0,(anonymous_69)
FNDA:0,(anonymous_70)
FNDA:0,(anonymous_71)
FNDA:0,(anonymous_72)
FNDA:0,(anonymous_73)
FNDA:0,(anonymous_74)
FNDA:0,(anonymous_75)
FNDA:0,(anonymous_76)
FNDA:0,(anonymous_77)
FNDA:0,(anonymous_78)
FNDA:0,(anonymous_79)
FNDA:0,(anonymous_80)
FNDA:0,(anonymous_81)
FNDA:0,(anonymous_82)
FNDA:0,(anonymous_83)
FNDA:0,(anonymous_84)
FNDA:0,(anonymous_85)
FNDA:0,(anonymous_86)
FNDA:0,(anonymous_87)
FNDA:0,(anonymous_88)
FNDA:0,(anonymous_89)
FNDA:0,(anonymous_90)
FNDA:0,(anonymous_91)
FNDA:0,(anonymous_92)
FNDA:0,(anonymous_93)
FNDA:0,(anonymous_94)
FNDA:0,(anonymous_95)
FNDA:0,(anonymous_96)
FNDA:0,(anonymous_97)
FNDA:0,(anonymous_98)
FNDA:0,(anonymous_99)
FNDA:0,(anonymous_100)
FNDA:0,(anonymous_101)
FNDA:0,(anonymous_102)
FNDA:0,(anonymous_103)
FNDA:0,(anonymous_104)
FNDA:0,(anonymous_105)
FNDA:0,(anonymous_106)
FNDA:0,(anonymous_107)
FNDA:0,(anonymous_108)
FNDA:0,(anonymous_109)
FNDA:0,(anonymous_110)
FNDA:0,(anonymous_111)
FNDA:0,(anonymous_112)
FNDA:0,(anonymous_113)
FNDA:0,(anonymous_114)
FNDA:0,(anonymous_115)
FNDA:0,(anonymous_116)
DA:9,1
DA:10,0
DA:19,0
DA:20,0
DA:22,0
DA:23,0
DA:25,0
DA:31,0
DA:33,0
DA:39,0
DA:40,0
DA:41,0
DA:42,0
DA:43,0
DA:47,0
DA:51,0
DA:56,0
DA:59,0
DA:67,0
DA:69,0
DA:79,0
DA:82,0
DA:91,0
DA:93,0
DA:102,0
DA:109,0
DA:118,0
DA:127,0
DA:136,0
DA:137,0
DA:138,0
DA:140,0
DA:149,0
DA:158,0
DA:159,0
DA:161,0
DA:164,0
DA:173,0
DA:174,0
DA:175,0
DA:177,0
DA:186,0
DA:188,0
DA:197,0
DA:198,0
DA:200,0
DA:203,0
DA:212,0
DA:213,0
DA:218,0
DA:221,0
DA:230,0
DA:232,0
DA:241,0
DA:242,0
DA:244,0
DA:247,0
DA:256,0
DA:257,0
DA:259,0
DA:260,0
DA:269,0
DA:277,0
DA:286,0
DA:288,0
DA:297,0
DA:299,0
DA:308,0
DA:309,0
DA:310,0
DA:312,0
DA:314,0
DA:323,0
DA:325,0
DA:334,0
DA:335,0
DA:336,0
DA:338,0
DA:340,0
DA:350,0
DA:352,0
DA:361,0
DA:362,0
DA:364,0
DA:373,0
DA:382,0
DA:391,0
DA:393,0
DA:402,0
DA:403,0
DA:405,0
DA:408,0
DA:417,0
DA:419,0
DA:428,0
DA:437,0
DA:446,0
DA:447,0
DA:448,0
DA:450,0
DA:460,0
DA:469,0
DA:470,0
DA:477,0
DA:484,0
DA:493,0
DA:498,0
DA:507,0
DA:508,0
DA:510,0
DA:513,0
DA:522,0
DA:527,0
DA:534,0
DA:536,0
DA:542,0
DA:543,0
DA:550,0
DA:551,0
DA:556,0
DA:558,0
DA:566,0
DA:568,0
DA:577,0
DA:578,0
DA:583,0
DA:586,0
DA:595,0
DA:602,0
DA:609,0
DA:616,0
DA:623,0
DA:625,0
DA:633,0
DA:634,0
DA:635,0
DA:638,0
DA:640,0
DA:648,0
DA:649,0
DA:650,0
DA:653,0
DA:660,0
DA:667,0
DA:668,0
DA:673,0
DA:676,0
DA:685,0
DA:692,0
DA:698,0
DA:699,0
DA:705,0
DA:706,0
DA:713,0
DA:720,0
DA:727,0
DA:729,0
DA:738,0
DA:739,0
DA:746,0
DA:747,0
DA:749,0
DA:751,0
DA:758,0
DA:759,0
DA:761,0
DA:763,0
DA:770,0
DA:771,0
DA:778,0
DA:779,0
DA:785,0
DA:786,0
DA:792,0
DA:793,0
DA:799,0
DA:800,0
DA:807,0
DA:809,0
DA:817,0
DA:818,0
DA:819,0
DA:820,0
DA:825,0
DA:826,0
DA:831,0
DA:832,0
DA:833,0
DA:835,0
DA:842,0
DA:844,0
DA:850,0
DA:851,0
DA:852,0
DA:854,0
DA:855,0
DA:860,0
DA:861,0
DA:867,0
DA:868,0
DA:869,0
DA:872,0
DA:873,0
DA:883,0
DA:884,0
DA:885,0
DA:886,0
DA:887,0
DA:889,0
DA:890,0
DA:891,0
DA:897,0
DA:898,0
DA:908,0
DA:909,0
DA:918,0
DA:919,0
DA:920,0
DA:922,0
DA:924,0
DA:932,0
DA:933,0
DA:934,0
DA:936,0
DA:937,0
DA:939,0
DA:941,0
DA:949,0
DA:951,0
DA:961,0
DA:962,0
DA:964,0
DA:968,0
DA:977,0
DA:980,0
DA:988,0
DA:989,0
DA:997,0
DA:998,0
DA:999,0
DA:1003,0
DA:1005,0
DA:1014,0
DA:1016,0
DA:1017,0
DA:1024,0
DA:1026,0
DA:1036,0
DA:1038,0
DA:1048,0
DA:1049,0
DA:1050,0
DA:1051,0
DA:1053,0
DA:1054,0
DA:1055,0
DA:1056,0
DA:1058,0
DA:1061,0
DA:1071,0
DA:1073,0
DA:1083,0
DA:1084,0
DA:1085,0
DA:1088,0
DA:1089,0
DA:1090,0
DA:1091,0
DA:1092,0
DA:1094,0
DA:1101,0
DA:1103,0
DA:1116,0
DA:1117,0
DA:1118,0
DA:1120,0
DA:1121,0
DA:1131,0
DA:1132,0
DA:1134,0
DA:1137,0
DA:1143,0
DA:1146,0
DA:1147,0
DA:1148,0
DA:1151,0
DA:1152,0
DA:1155,0
DA:1156,0
DA:1157,0
DA:1158,0
DA:1164,0
DA:1167,0
DA:1169,0
DA:1170,0
DA:1172,0
DA:1173,0
DA:1174,0
DA:1179,0
DA:1180,0
DA:1186,0
DA:1187,0
DA:1191,0
DA:1195,0
DA:1196,0
DA:1203,0
DA:1205,0
DA:1212,0
DA:1214,0
DA:1224,0
DA:1226,0
DA:1233,0
DA:1235,0
DA:1242,0
DA:1244,0
DA:1251,0
DA:1254,0
DA:1550,0
DA:1552,0
DA:1558,0
DA:1559,0
DA:1565,0
DA:1567,0
DA:1574,0
DA:1575,0
DA:1576,0
DA:1578,0
DA:1584,0
DA:1585,0
DA:1586,0
DA:1588,0
DA:1594,0
DA:1595,0
DA:1601,0
DA:1602,0
DA:1608,0
DA:1609,0
DA:1610,0
DA:1612,0
DA:1618,0
DA:1619,0
DA:1626,0
DA:1628,0
DA:1634,0
DA:1638,0
DA:1650,0
DA:1652,0
DA:1659,0
DA:1660,0
DA:1666,0
DA:1667,0
DA:1672,0
DA:1673,0
LF:353
LH:1
BRDA:137,0,0,0
BRDA:137,0,1,0
BRDA:158,1,0,0
BRDA:158,1,1,0
BRDA:173,2,0,0
BRDA:173,2,1,0
BRDA:197,3,0,0
BRDA:197,3,1,0
BRDA:212,4,0,0
BRDA:212,4,1,0
BRDA:241,5,0,0
BRDA:241,5,1,0
BRDA:256,6,0,0
BRDA:256,6,1,0
BRDA:259,7,0,0
BRDA:259,7,1,0
BRDA:309,8,0,0
BRDA:309,8,1,0
BRDA:335,9,0,0
BRDA:335,9,1,0
BRDA:402,10,0,0
BRDA:402,10,1,0
BRDA:447,11,0,0
BRDA:447,11,1,0
BRDA:469,12,0,0
BRDA:469,12,1,0
BRDA:507,13,0,0
BRDA:507,13,1,0
BRDA:550,14,0,0
BRDA:550,14,1,0
BRDA:577,15,0,0
BRDA:577,15,1,0
BRDA:634,16,0,0
BRDA:634,16,1,0
BRDA:649,17,0,0
BRDA:649,17,1,0
BRDA:667,18,0,0
BRDA:667,18,1,0
BRDA:746,19,0,0
BRDA:746,19,1,0
BRDA:758,20,0,0
BRDA:758,20,1,0
BRDA:832,21,0,0
BRDA:832,21,1,0
BRDA:851,22,0,0
BRDA:851,22,1,0
BRDA:851,23,0,0
BRDA:851,23,1,0
BRDA:868,24,0,0
BRDA:868,24,1,0
BRDA:885,25,0,0
BRDA:885,25,1,0
BRDA:889,26,0,0
BRDA:889,26,1,0
BRDA:919,27,0,0
BRDA:919,27,1,0
BRDA:933,28,0,0
BRDA:933,28,1,0
BRDA:936,29,0,0
BRDA:936,29,1,0
BRDA:961,30,0,0
BRDA:961,30,1,0
BRDA:961,31,0,0
BRDA:961,31,1,0
BRDA:998,32,0,0
BRDA:998,32,1,0
BRDA:1050,33,0,0
BRDA:1050,33,1,0
BRDA:1054,34,0,0
BRDA:1054,34,1,0
BRDA:1084,35,0,0
BRDA:1084,35,1,0
BRDA:1089,36,0,0
BRDA:1089,36,1,0
BRDA:1117,37,0,0
BRDA:1117,37,1,0
BRDA:1131,38,0,0
BRDA:1131,38,1,0
BRDA:1146,39,0,0
BRDA:1146,39,1,0
BRDA:1157,40,0,0
BRDA:1157,40,1,0
BRDA:1169,41,0,0
BRDA:1169,41,1,0
BRDA:1169,42,0,0
BRDA:1169,42,1,0
BRDA:1172,43,0,0
BRDA:1172,43,1,0
BRDA:1172,44,0,0
BRDA:1172,44,1,0
BRDA:1572,45,0,0
BRDA:1575,46,0,0
BRDA:1575,46,1,0
BRDA:1583,47,0,0
BRDA:1585,48,0,0
BRDA:1585,48,1,0
BRDA:1607,49,0,0
BRDA:1609,50,0,0
BRDA:1609,50,1,0
BRF:99
BRH:0
end_of_record
TN:
SF:C:\Users\VENKAT RAO\space_management\src\app\services\common-service.service.ts
FN:28,(anonymous_0)
FN:300,(anonymous_1)
FN:300,(anonymous_2)
FN:306,(anonymous_3)
FN:308,(anonymous_4)
FN:315,(anonymous_5)
FN:315,(anonymous_6)
FN:327,(anonymous_7)
FN:328,(anonymous_8)
FN:333,(anonymous_9)
FN:57,(anonymous_10)
FN:62,(anonymous_11)
FN:67,(anonymous_12)
FN:71,(anonymous_13)
FN:75,(anonymous_14)
FN:79,(anonymous_15)
FN:86,(anonymous_16)
FN:96,(anonymous_17)
FN:100,(anonymous_18)
FN:101,(anonymous_19)
FN:106,(anonymous_20)
FN:110,(anonymous_21)
FN:119,(anonymous_22)
FN:123,(anonymous_23)
FN:146,(anonymous_24)
FN:151,(anonymous_25)
FN:174,(anonymous_26)
FN:179,(anonymous_27)
FN:189,(anonymous_28)
FN:194,(anonymous_29)
FN:198,(anonymous_30)
FN:202,(anonymous_31)
FN:213,(anonymous_32)
FN:248,(anonymous_33)
FN:257,(anonymous_34)
FN:265,(anonymous_35)
FN:278,(anonymous_36)
FN:284,(anonymous_37)
FN:285,(anonymous_38)
FN:290,(anonymous_39)
FN:352,(anonymous_40)
FN:381,(anonymous_41)
FN:406,(anonymous_42)
FN:415,(anonymous_43)
FN:425,(anonymous_44)
FN:451,(anonymous_45)
FN:459,(anonymous_46)
FN:472,(anonymous_47)
FN:473,(anonymous_48)
FN:483,(anonymous_49)
FN:488,(anonymous_50)
FN:509,(anonymous_51)
FN:728,(anonymous_52)
FN:743,(anonymous_53)
FN:758,(anonymous_54)
FN:768,(anonymous_55)
FN:843,(anonymous_56)
FN:845,(anonymous_57)
FN:860,(anonymous_58)
FN:881,(anonymous_59)
FN:893,(anonymous_60)
FN:913,(anonymous_61)
FN:943,(anonymous_62)
FN:950,(anonymous_63)
FNF:64
FNH:0
FNDA:0,(anonymous_0)
FNDA:0,(anonymous_1)
FNDA:0,(anonymous_2)
FNDA:0,(anonymous_3)
FNDA:0,(anonymous_4)
FNDA:0,(anonymous_5)
FNDA:0,(anonymous_6)
FNDA:0,(anonymous_7)
FNDA:0,(anonymous_8)
FNDA:0,(anonymous_9)
FNDA:0,(anonymous_10)
FNDA:0,(anonymous_11)
FNDA:0,(anonymous_12)
FNDA:0,(anonymous_13)
FNDA:0,(anonymous_14)
FNDA:0,(anonymous_15)
FNDA:0,(anonymous_16)
FNDA:0,(anonymous_17)
FNDA:0,(anonymous_18)
FNDA:0,(anonymous_19)
FNDA:0,(anonymous_20)
FNDA:0,(anonymous_21)
FNDA:0,(anonymous_22)
FNDA:0,(anonymous_23)
FNDA:0,(anonymous_24)
FNDA:0,(anonymous_25)
FNDA:0,(anonymous_26)
FNDA:0,(anonymous_27)
FNDA:0,(anonymous_28)
FNDA:0,(anonymous_29)
FNDA:0,(anonymous_30)
FNDA:0,(anonymous_31)
FNDA:0,(anonymous_32)
FNDA:0,(anonymous_33)
FNDA:0,(anonymous_34)
FNDA:0,(anonymous_35)
FNDA:0,(anonymous_36)
FNDA:0,(anonymous_37)
FNDA:0,(anonymous_38)
FNDA:0,(anonymous_39)
FNDA:0,(anonymous_40)
FNDA:0,(anonymous_41)
FNDA:0,(anonymous_42)
FNDA:0,(anonymous_43)
FNDA:0,(anonymous_44)
FNDA:0,(anonymous_45)
FNDA:0,(anonymous_46)
FNDA:0,(anonymous_47)
FNDA:0,(anonymous_48)
FNDA:0,(anonymous_49)
FNDA:0,(anonymous_50)
FNDA:0,(anonymous_51)
FNDA:0,(anonymous_52)
FNDA:0,(anonymous_53)
FNDA:0,(anonymous_54)
FNDA:0,(anonymous_55)
FNDA:0,(anonymous_56)
FNDA:0,(anonymous_57)
FNDA:0,(anonymous_58)
FNDA:0,(anonymous_59)
FNDA:0,(anonymous_60)
FNDA:0,(anonymous_61)
FNDA:0,(anonymous_62)
FNDA:0,(anonymous_63)
DA:22,1
DA:29,0
DA:30,0
DA:31,0
DA:33,0
DA:36,0
DA:37,0
DA:42,0
DA:43,0
DA:45,0
DA:48,0
DA:50,0
DA:51,0
DA:54,0
DA:55,0
DA:58,0
DA:63,0
DA:64,0
DA:68,0
DA:72,0
DA:76,0
DA:80,0
DA:83,0
DA:84,0
DA:87,0
DA:97,0
DA:101,0
DA:102,0
DA:107,0
DA:112,0
DA:117,0
DA:120,0
DA:124,0
DA:125,0
DA:130,0
DA:131,0
DA:136,0
DA:141,0
DA:144,0
DA:147,0
DA:152,0
DA:156,0
DA:157,0
DA:162,0
DA:169,0
DA:172,0
DA:175,0
DA:181,0
DA:187,0
DA:190,0
DA:195,0
DA:199,0
DA:203,0
DA:204,0
DA:205,0
DA:206,0
DA:210,0
DA:214,0
DA:215,0
DA:229,0
DA:230,0
DA:231,0
DA:232,0
DA:233,0
DA:234,0
DA:235,0
DA:236,0
DA:237,0
DA:238,0
DA:239,0
DA:240,0
DA:241,0
DA:242,0
DA:243,0
DA:244,0
DA:246,0
DA:249,0
DA:250,0
DA:251,0
DA:253,0
DA:258,0
DA:262,0
DA:266,0
DA:267,0
DA:271,0
DA:279,0
DA:285,0
DA:286,0
DA:291,0
DA:296,0
DA:300,0
DA:302,0
DA:303,0
DA:304,0
DA:305,0
DA:306,0
DA:307,0
DA:308,0
DA:309,0
DA:311,0
DA:315,0
DA:316,0
DA:318,0
DA:319,0
DA:320,0
DA:321,0
DA:322,0
DA:324,0
DA:325,0
DA:326,0
DA:327,0
DA:328,0
DA:329,0
DA:330,0
DA:332,0
DA:333,0
DA:334,0
DA:336,0
DA:341,0
DA:344,0
DA:355,0
DA:356,0
DA:358,0
DA:359,0
DA:361,0
DA:362,0
DA:364,0
DA:366,0
DA:367,0
DA:369,0
DA:370,0
DA:372,0
DA:374,0
DA:375,0
DA:377,0
DA:378,0
DA:382,0
DA:383,0
DA:384,0
DA:386,0
DA:387,0
DA:389,0
DA:391,0
DA:393,0
DA:394,0
DA:396,0
DA:398,0
DA:400,0
DA:401,0
DA:403,0
DA:407,0
DA:408,0
DA:409,0
DA:410,0
DA:411,0
DA:412,0
DA:413,0
DA:416,0
DA:422,0
DA:426,0
DA:434,0
DA:440,0
DA:452,0
DA:453,0
DA:455,0
DA:460,0
DA:461,0
DA:462,0
DA:463,0
DA:465,0
DA:466,0
DA:468,0
DA:473,0
DA:474,0
DA:475,0
DA:476,0
DA:477,0
DA:479,0
DA:484,0
DA:487,0
DA:488,0
DA:490,0
DA:491,0
DA:492,0
DA:494,0
DA:497,0
DA:498,0
DA:500,0
DA:503,0
DA:506,0
DA:510,0
DA:512,0
DA:513,0
DA:514,0
DA:515,0
DA:518,0
DA:519,0
DA:520,0
DA:521,0
DA:524,0
DA:525,0
DA:526,0
DA:527,0
DA:528,0
DA:529,0
DA:532,0
DA:533,0
DA:534,0
DA:536,0
DA:537,0
DA:540,0
DA:543,0
DA:544,0
DA:547,0
DA:553,0
DA:557,0
DA:558,0
DA:559,0
DA:560,0
DA:561,0
DA:564,0
DA:565,0
DA:566,0
DA:568,0
DA:569,0
DA:572,0
DA:575,0
DA:576,0
DA:579,0
DA:586,0
DA:588,0
DA:589,0
DA:590,0
DA:591,0
DA:592,0
DA:593,0
DA:595,0
DA:596,0
DA:597,0
DA:599,0
DA:600,0
DA:603,0
DA:608,0
DA:609,0
DA:611,0
DA:613,0
DA:620,0
DA:622,0
DA:623,0
DA:624,0
DA:625,0
DA:626,0
DA:627,0
DA:629,0
DA:630,0
DA:631,0
DA:633,0
DA:634,0
DA:637,0
DA:642,0
DA:643,0
DA:645,0
DA:647,0
DA:653,0
DA:655,0
DA:656,0
DA:657,0
DA:658,0
DA:660,0
DA:661,0
DA:662,0
DA:664,0
DA:665,0
DA:668,0
DA:671,0
DA:672,0
DA:676,0
DA:681,0
DA:683,0
DA:684,0
DA:686,0
DA:688,0
DA:724,0
DA:731,0
DA:732,0
DA:733,0
DA:734,0
DA:737,0
DA:738,0
DA:740,0
DA:745,0
DA:746,0
DA:747,0
DA:748,0
DA:751,0
DA:752,0
DA:755,0
DA:761,0
DA:762,0
DA:763,0
DA:764,0
DA:769,0
DA:770,0
DA:771,0
DA:772,0
DA:776,0
DA:777,0
DA:781,0
DA:782,0
DA:784,0
DA:788,0
DA:789,0
DA:790,0
DA:791,0
DA:792,0
DA:793,0
DA:794,0
DA:795,0
DA:796,0
DA:797,0
DA:798,0
DA:799,0
DA:804,0
DA:805,0
DA:806,0
DA:807,0
DA:812,0
DA:813,0
DA:814,0
DA:816,0
DA:817,0
DA:818,0
DA:821,0
DA:822,0
DA:823,0
DA:824,0
DA:826,0
DA:827,0
DA:828,0
DA:832,0
DA:833,0
DA:836,0
DA:837,0
DA:838,0
DA:839,0
DA:840,0
DA:841,0
DA:843,0
DA:844,0
DA:845,0
DA:846,0
DA:847,0
DA:848,0
DA:850,0
DA:856,0
DA:857,0
DA:858,0
DA:859,0
DA:860,0
DA:861,0
DA:862,0
DA:863,0
DA:865,0
DA:871,0
DA:872,0
DA:875,0
DA:876,0
DA:880,0
DA:881,0
DA:882,0
DA:883,0
DA:884,0
DA:886,0
DA:891,0
DA:892,0
DA:893,0
DA:894,0
DA:895,0
DA:896,0
DA:898,0
DA:902,0
DA:907,0
DA:908,0
DA:909,0
DA:910,0
DA:911,0
DA:912,0
DA:913,0
DA:914,0
DA:915,0
DA:916,0
DA:918,0
DA:925,0
DA:940,0
DA:945,0
DA:946,0
DA:947,0
DA:952,0
DA:954,0
LF:399
LH:1
BRDA:324,0,0,0
BRDA:324,0,1,0
BRDA:329,1,0,0
BRDA:329,1,1,0
BRDA:130,2,0,0
BRDA:130,2,1,0
BRDA:130,3,0,0
BRDA:130,3,1,0
BRDA:156,4,0,0
BRDA:156,4,1,0
BRDA:204,5,0,0
BRDA:204,5,1,0
BRDA:205,6,0,0
BRDA:205,6,1,0
BRDA:229,7,0,0
BRDA:229,7,1,0
BRDA:230,8,0,0
BRDA:230,8,1,0
BRDA:248,9,0,0
BRDA:250,10,0,0
BRDA:250,10,1,0
BRDA:260,11,0,0
BRDA:260,11,1,0
BRDA:357,12,0,0
BRDA:357,12,1,0
BRDA:357,12,2,0
BRDA:358,13,0,0
BRDA:358,13,1,0
BRDA:366,14,0,0
BRDA:366,14,1,0
BRDA:385,15,0,0
BRDA:385,15,1,0
BRDA:385,15,2,0
BRDA:386,16,0,0
BRDA:386,16,1,0
BRDA:393,17,0,0
BRDA:393,17,1,0
BRDA:452,18,0,0
BRDA:452,18,1,0
BRDA:452,19,0,0
BRDA:452,19,1,0
BRDA:452,19,2,0
BRDA:459,20,0,0
BRDA:465,21,0,0
BRDA:465,21,1,0
BRDA:474,22,0,0
BRDA:474,22,1,0
BRDA:476,23,0,0
BRDA:476,23,1,0
BRDA:490,24,0,0
BRDA:490,24,1,0
BRDA:490,25,0,0
BRDA:490,25,1,0
BRDA:491,26,0,0
BRDA:491,26,1,0
BRDA:497,27,0,0
BRDA:497,27,1,0
BRDA:512,28,0,0
BRDA:512,28,1,0
BRDA:518,29,0,0
BRDA:518,29,1,0
BRDA:524,30,0,0
BRDA:524,30,1,0
BRDA:528,31,0,0
BRDA:528,31,1,0
BRDA:532,32,0,0
BRDA:532,32,1,0
BRDA:533,33,0,0
BRDA:533,33,1,0
BRDA:536,34,0,0
BRDA:536,34,1,0
BRDA:543,35,0,0
BRDA:543,35,1,0
BRDA:560,36,0,0
BRDA:560,36,1,0
BRDA:564,37,0,0
BRDA:564,37,1,0
BRDA:565,38,0,0
BRDA:565,38,1,0
BRDA:568,39,0,0
BRDA:568,39,1,0
BRDA:575,40,0,0
BRDA:575,40,1,0
BRDA:586,41,0,0
BRDA:586,41,1,0
BRDA:588,42,0,0
BRDA:588,42,1,0
BRDA:592,43,0,0
BRDA:592,43,1,0
BRDA:595,44,0,0
BRDA:595,44,1,0
BRDA:596,45,0,0
BRDA:596,45,1,0
BRDA:599,46,0,0
BRDA:599,46,1,0
BRDA:608,47,0,0
BRDA:608,47,1,0
BRDA:620,48,0,0
BRDA:620,48,1,0
BRDA:622,49,0,0
BRDA:622,49,1,0
BRDA:626,50,0,0
BRDA:626,50,1,0
BRDA:629,51,0,0
BRDA:629,51,1,0
BRDA:630,52,0,0
BRDA:630,52,1,0
BRDA:633,53,0,0
BRDA:633,53,1,0
BRDA:642,54,0,0
BRDA:642,54,1,0
BRDA:657,55,0,0
BRDA:657,55,1,0
BRDA:660,56,0,0
BRDA:660,56,1,0
BRDA:661,57,0,0
BRDA:661,57,1,0
BRDA:664,58,0,0
BRDA:664,58,1,0
BRDA:671,59,0,0
BRDA:671,59,1,0
BRDA:681,60,0,0
BRDA:681,60,1,0
BRDA:681,61,0,0
BRDA:681,61,1,0
BRDA:683,62,0,0
BRDA:683,62,1,0
BRDA:733,63,0,0
BRDA:733,63,1,0
BRDA:737,64,0,0
BRDA:737,64,1,0
BRDA:747,65,0,0
BRDA:747,65,1,0
BRDA:751,66,0,0
BRDA:751,66,1,0
BRDA:771,67,0,0
BRDA:771,67,1,0
BRDA:771,68,0,0
BRDA:771,68,1,0
BRDA:776,69,0,0
BRDA:776,69,1,0
BRDA:776,70,0,0
BRDA:776,70,1,0
BRDA:776,70,2,0
BRDA:781,71,0,0
BRDA:781,71,1,0
BRDA:791,72,0,0
BRDA:791,72,1,0
BRDA:791,73,0,0
BRDA:791,73,1,0
BRDA:793,74,0,0
BRDA:793,74,1,0
BRDA:793,75,0,0
BRDA:793,75,1,0
BRDA:795,76,0,0
BRDA:795,76,1,0
BRDA:795,77,0,0
BRDA:795,77,1,0
BRDA:797,78,0,0
BRDA:797,78,1,0
BRDA:807,79,0,0
BRDA:807,79,1,0
BRDA:821,80,0,0
BRDA:821,80,1,0
BRDA:832,81,0,0
BRDA:832,81,1,0
BRDA:844,82,0,0
BRDA:844,82,1,0
BRDA:846,83,0,0
BRDA:846,83,1,0
BRDA:856,84,0,0
BRDA:856,84,1,0
BRDA:859,85,0,0
BRDA:859,85,1,0
BRDA:861,86,0,0
BRDA:861,86,1,0
BRDA:871,87,0,0
BRDA:871,87,1,0
BRDA:875,88,0,0
BRDA:875,88,1,0
BRDA:880,89,0,0
BRDA:880,89,1,0
BRDA:882,90,0,0
BRDA:882,90,1,0
BRDA:891,91,0,0
BRDA:891,91,1,0
BRDA:892,92,0,0
BRDA:892,92,1,0
BRDA:894,93,0,0
BRDA:894,93,1,0
BRDA:907,94,0,0
BRDA:907,94,1,0
BRDA:912,95,0,0
BRDA:912,95,1,0
BRDA:914,96,0,0
BRDA:914,96,1,0
BRF:196
BRH:0
end_of_record
TN:
SF:C:\Users\VENKAT RAO\space_management\src\app\services\moduleid-service.ts
FN:1,(anonymous_0)
FN:3,(anonymous_1)
FNF:2
FNH:0
FNDA:0,(anonymous_0)
FNDA:0,(anonymous_1)
DA:2,0
DA:4,0
LF:2
LH:0
BRF:0
BRH:0
end_of_record
TN:
SF:C:\Users\VENKAT RAO\space_management\src\app\shared\confirmation-dialog\confirmation-dialog.component.ts
FN:16,(anonymous_0)
FN:18,(anonymous_1)
FN:21,(anonymous_2)
FN:25,(anonymous_3)
FN:29,(anonymous_4)
FNF:5
FNH:0
FNDA:0,(anonymous_0)
FNDA:0,(anonymous_1)
FNDA:0,(anonymous_2)
FNDA:0,(anonymous_3)
FNDA:0,(anonymous_4)
DA:9,1
DA:11,1
DA:12,1
DA:13,1
DA:14,1
DA:16,0
DA:22,0
DA:26,0
DA:30,0
LF:9
LH:5
BRF:0
BRH:0
end_of_record
TN:
SF:C:\Users\VENKAT RAO\space_management\src\app\shared\confirmation-dialog\confirmation-dialog.service.ts
FN:11,(anonymous_0)
FN:13,(anonymous_1)
FNF:2
FNH:0
FNDA:0,(anonymous_0)
FNDA:0,(anonymous_1)
DA:9,1
DA:11,0
DA:19,0
DA:20,0
DA:21,0
DA:22,0
DA:23,0
DA:25,0
LF:8
LH:1
BRDA:16,0,0,0
BRDA:17,1,0,0
BRDA:18,2,0,0
BRF:3
BRH:0
end_of_record
TN:
SF:C:\Users\VENKAT RAO\space_management\src\app\shared\modules\loader\loader.service.ts
FN:9,(anonymous_0)
FN:11,(anonymous_1)
FN:13,(anonymous_2)
FN:14,(anonymous_3)
FN:15,(anonymous_4)
FN:20,(anonymous_5)
FN:22,(anonymous_6)
FN:23,(anonymous_7)
FN:24,(anonymous_8)
FN:28,(anonymous_9)
FN:32,(anonymous_10)
FNF:11
FNH:0
FNDA:0,(anonymous_0)
FNDA:0,(anonymous_1)
FNDA:0,(anonymous_2)
FNDA:0,(anonymous_3)
FNDA:0,(anonymous_4)
FNDA:0,(anonymous_5)
FNDA:0,(anonymous_6)
FNDA:0,(anonymous_7)
FNDA:0,(anonymous_8)
FNDA:0,(anonymous_9)
FNDA:0,(anonymous_10)
DA:6,1
DA:7,0
DA:8,0
DA:12,0
DA:13,0
DA:14,0
DA:15,0
DA:21,0
DA:22,0
DA:23,0
DA:29,0
DA:33,0
LF:12
LH:1
BRF:0
BRH:0
end_of_record
TN:
SF:C:\Users\VENKAT RAO\space_management\src\app\shared\zone-and-module-http-params\zone-and-module-http-params.component.ts
FN:7,(anonymous_0)
FN:13,(anonymous_1)
FN:17,(anonymous_2)
FNF:3
FNH:0
FNDA:0,(anonymous_0)
FNDA:0,(anonymous_1)
FNDA:0,(anonymous_2)
DA:7,0
DA:8,0
DA:9,0
DA:10,0
DA:14,0
DA:18,0
LF:6
LH:0
BRF:0
BRH:0
end_of_record
TN:
SF:C:\Users\VENKAT RAO\space_management\src\environments\environment.ts
FNF:0
FNH:0
DA:21,1
DA:22,1
DA:24,1
DA:25,1
DA:27,1
DA:77,1
DA:86,1
DA:146,1
LF:8
LH:8
BRF:0
BRH:0
end_of_record
